[1107/234050.528:ERROR:process_memory_win.cc(73)] ReadMemory at 0x7ff617120000 of 64 bytes failed: Only part of a ReadProcessMemory or WriteProcessMemory request was completed. (0x12B)
[1107/234050.529:WARNING:pe_image_reader.cc(340)] could not read dos header from C:\Program Files (x86)\Google\Chrome\Application\chrome.exe
[1107/234050.529:ERROR:process_memory_win.cc(73)] ReadMemory at 0x7ffca0180000 of 64 bytes failed: Only part of a ReadProcessMemory or WriteProcessMemory request was completed. (0x12B)
[1107/234050.529:WARNING:pe_image_reader.cc(340)] could not read dos header from C:\WINDOWS\SYSTEM32\ntdll.dll
[1107/234050.529:ERROR:process_memory_win.cc(73)] ReadMemory at 0x7ffc9f580000 of 64 bytes failed: Only part of a ReadProcessMemory or WriteProcessMemory request was completed. (0x12B)
[1107/234050.529:WARNING:pe_image_reader.cc(340)] could not read dos header from C:\WINDOWS\System32\KERNEL32.DLL
[1107/234050.529:ERROR:process_memory_win.cc(73)] ReadMemory at 0x7ffc9d640000 of 64 bytes failed: Only part of a ReadProcessMemory or WriteProcessMemory request was completed. (0x12B)
[1107/234050.529:WARNING:pe_image_reader.cc(340)] could not read dos header from C:\WINDOWS\System32\KERNELBASE.dll
[1107/234050.530:ERROR:process_memory_win.cc(73)] ReadMemory at 0x7ffc79860000 of 64 bytes failed: Only part of a ReadProcessMemory or WriteProcessMemory request was completed. (0x12B)
[1107/234050.530:WARNING:pe_image_reader.cc(340)] could not read dos header from C:\Program Files (x86)\Google\Chrome\Application\86.0.4240.183\chrome_elf.dll
[1107/234050.530:ERROR:process_memory_win.cc(73)] ReadMemory at 0x7ffc94620000 of 64 bytes failed: Only part of a ReadProcessMemory or WriteProcessMemory request was completed. (0x12B)
[1107/234050.530:WARNING:pe_image_reader.cc(340)] could not read dos header from C:\WINDOWS\SYSTEM32\VERSION.dll
[1107/234050.530:ERROR:process_memory_win.cc(73)] ReadMemory at 0x7ffc9f3e0000 of 64 bytes failed: Only part of a ReadProcessMemory or WriteProcessMemory request was completed. (0x12B)
[1107/234050.530:WARNING:pe_image_reader.cc(340)] could not read dos header from C:\WINDOWS\System32\msvcrt.dll
[1107/234050.530:ERROR:process_memory_win.cc(73)] ReadMemory at 0x7ffc9e210000 of 64 bytes failed: Only part of a ReadProcessMemory or WriteProcessMemory request was completed. (0x12B)
[1107/234050.530:WARNING:pe_image_reader.cc(340)] could not read dos header from C:\WINDOWS\System32\bcryptPrimitives.dll
[1107/234050.530:ERROR:process_memory_win.cc(73)] ReadMemory at 0x7ffc9fc90000 of 64 bytes failed: Only part of a ReadProcessMemory or WriteProcessMemory request was completed. (0x12B)
[1107/234050.530:WARNING:pe_image_reader.cc(340)] could not read dos header from C:\WINDOWS\System32\ADVAPI32.dll
[1107/234050.530:ERROR:process_memory_win.cc(73)] ReadMemory at 0x7ffc9fbf0000 of 64 bytes failed: Only part of a ReadProcessMemory or WriteProcessMemory request was completed. (0x12B)
[1107/234050.530:WARNING:pe_image_reader.cc(340)] could not read dos header from C:\WINDOWS\System32\sechost.dll
[1107/234050.530:ERROR:process_memory_win.cc(73)] ReadMemory at 0x7ffca0010000 of 64 bytes failed: Only part of a ReadProcessMemory or WriteProcessMemory request was completed. (0x12B)
[1107/234050.530:WARNING:pe_image_reader.cc(340)] could not read dos header from C:\WINDOWS\System32\RPCRT4.dll
[1107/234050.530:ERROR:process_memory_win.cc(73)] ReadMemory at 0x7ffc42060000 of 64 bytes failed: Only part of a ReadProcessMemory or WriteProcessMemory request was completed. (0x12B)
[1107/234050.530:WARNING:pe_image_reader.cc(340)] could not read dos header from C:\Program Files (x86)\Google\Chrome\Application\86.0.4240.183\chrome.dll
[1107/234050.530:ERROR:process_memory_win.cc(73)] ReadMemory at 0x7ffc9f790000 of 64 bytes failed: Only part of a ReadProcessMemory or WriteProcessMemory request was completed. (0x12B)
[1107/234050.530:WARNING:pe_image_reader.cc(340)] could not read dos header from C:\WINDOWS\System32\WS2_32.dll
[1107/234050.530:ERROR:process_memory_win.cc(73)] ReadMemory at 0x7ffc9f4b0000 of 64 bytes failed: Only part of a ReadProcessMemory or WriteProcessMemory request was completed. (0x12B)
[1107/234050.530:WARNING:pe_image_reader.cc(340)] could not read dos header from C:\WINDOWS\System32\OLEAUT32.dll
[1107/234050.530:ERROR:process_memory_win.cc(73)] ReadMemory at 0x7ffc9d2b0000 of 64 bytes failed: Only part of a ReadProcessMemory or WriteProcessMemory request was completed. (0x12B)
[1107/234050.530:WARNING:pe_image_reader.cc(340)] could not read dos header from C:\WINDOWS\System32\msvcp_win.dll
[1107/234050.530:ERROR:process_memory_win.cc(73)] ReadMemory at 0x7ffc9e090000 of 64 bytes failed: Only part of a ReadProcessMemory or WriteProcessMemory request was completed. (0x12B)
[1107/234050.530:WARNING:pe_image_reader.cc(340)] could not read dos header from C:\WINDOWS\System32\ucrtbase.dll
[1107/234050.530:ERROR:process_memory_win.cc(73)] ReadMemory at 0x7ffc9edf0000 of 64 bytes failed: Only part of a ReadProcessMemory or WriteProcessMemory request was completed. (0x12B)
[1107/234050.530:WARNING:pe_image_reader.cc(340)] could not read dos header from C:\WINDOWS\System32\combase.dll
[1107/234050.531:ERROR:process_memory_win.cc(73)] ReadMemory at 0x7ffc9d220000 of 64 bytes failed: Only part of a ReadProcessMemory or WriteProcessMemory request was completed. (0x12B)
[1107/234050.531:WARNING:pe_image_reader.cc(340)] could not read dos header from C:\WINDOWS\System32\WINTRUST.dll
[1107/234050.531:ERROR:process_memory_win.cc(73)] ReadMemory at 0x7ffc9d100000 of 64 bytes failed: Only part of a ReadProcessMemory or WriteProcessMemory request was completed. (0x12B)
[1107/234050.531:WARNING:pe_image_reader.cc(340)] could not read dos header from C:\WINDOWS\System32\MSASN1.dll
[1107/234050.531:ERROR:process_memory_win.cc(73)] ReadMemory at 0x7ffc9d4f0000 of 64 bytes failed: Only part of a ReadProcessMemory or WriteProcessMemory request was completed. (0x12B)
[1107/234050.531:WARNING:pe_image_reader.cc(340)] could not read dos header from C:\WINDOWS\System32\CRYPT32.dll
[1107/234050.531:ERROR:process_memory_win.cc(73)] ReadMemory at 0x7ffc81b30000 of 64 bytes failed: Only part of a ReadProcessMemory or WriteProcessMemory request was completed. (0x12B)
[1107/234050.531:WARNING:pe_image_reader.cc(340)] could not read dos header from C:\WINDOWS\SYSTEM32\dbghelp.dll
[1107/234050.531:ERROR:process_memory_win.cc(73)] ReadMemory at 0x7ffc9c5a0000 of 64 bytes failed: Only part of a ReadProcessMemory or WriteProcessMemory request was completed. (0x12B)
[1107/234050.531:WARNING:pe_image_reader.cc(340)] could not read dos header from C:\WINDOWS\SYSTEM32\IPHLPAPI.DLL
[1107/234050.531:ERROR:process_memory_win.cc(73)] ReadMemory at 0x7ffc99d30000 of 64 bytes failed: Only part of a ReadProcessMemory or WriteProcessMemory request was completed. (0x12B)
[1107/234050.531:WARNING:pe_image_reader.cc(340)] could not read dos header from C:\WINDOWS\SYSTEM32\WINMM.dll
[1107/234050.531:ERROR:process_memory_win.cc(73)] ReadMemory at 0x7ffc6f660000 of 64 bytes failed: Only part of a ReadProcessMemory or WriteProcessMemory request was completed. (0x12B)
[1107/234050.531:WARNING:pe_image_reader.cc(340)] could not read dos header from C:\WINDOWS\SYSTEM32\UIAutomationCore.DLL
[1107/234050.531:ERROR:process_memory_win.cc(73)] ReadMemory at 0x7ffc8a650000 of 64 bytes failed: Only part of a ReadProcessMemory or WriteProcessMemory request was completed. (0x12B)
[1107/234050.531:WARNING:pe_image_reader.cc(340)] could not read dos header from C:\WINDOWS\SYSTEM32\Secur32.dll
[1107/234050.531:ERROR:process_memory_win.cc(73)] ReadMemory at 0x7ffc9cf80000 of 64 bytes failed: Only part of a ReadProcessMemory or WriteProcessMemory request was completed. (0x12B)
[1107/234050.531:WARNING:pe_image_reader.cc(340)] could not read dos header from C:\WINDOWS\SYSTEM32\USERENV.dll
[1107/234050.531:ERROR:process_memory_win.cc(73)] ReadMemory at 0x7ffc9d120000 of 64 bytes failed: Only part of a ReadProcessMemory or WriteProcessMemory request was completed. (0x12B)
[1107/234050.531:WARNING:pe_image_reader.cc(340)] could not read dos header from C:\WINDOWS\System32\profapi.dll
[1107/234050.531:ERROR:process_memory_win.cc(73)] ReadMemory at 0x7ffc8fc40000 of 64 bytes failed: Only part of a ReadProcessMemory or WriteProcessMemory request was completed. (0x12B)
[1107/234050.531:WARNING:pe_image_reader.cc(340)] could not read dos header from C:\WINDOWS\SYSTEM32\DWrite.dll
[1107/234050.531:ERROR:process_memory_win.cc(73)] ReadMemory at 0x7ffc94010000 of 64 bytes failed: Only part of a ReadProcessMemory or WriteProcessMemory request was completed. (0x12B)
[1107/234050.531:WARNING:pe_image_reader.cc(340)] could not read dos header from C:\WINDOWS\SYSTEM32\WINSPOOL.DRV
[1107/234050.532:ERROR:process_memory_win.cc(73)] ReadMemory at 0x7ffc9d150000 of 64 bytes failed: Only part of a ReadProcessMemory or WriteProcessMemory request was completed. (0x12B)
[1107/234050.532:WARNING:pe_image_reader.cc(340)] could not read dos header from C:\WINDOWS\System32\kernel.appcore.dll
[1107/234050.532:ERROR:process_memory_win.cc(73)] ReadMemory at 0x7ffc9d280000 of 64 bytes failed: Only part of a ReadProcessMemory or WriteProcessMemory request was completed. (0x12B)
[1107/234050.532:WARNING:pe_image_reader.cc(340)] could not read dos header from C:\WINDOWS\System32\bcrypt.dll
[1107/234050.532:ERROR:process_memory_win.cc(73)] ReadMemory at 0x7ffc8f670000 of 64 bytes failed: Only part of a ReadProcessMemory or WriteProcessMemory request was completed. (0x12B)
[1107/234050.532:WARNING:pe_image_reader.cc(340)] could not read dos header from C:\WINDOWS\SYSTEM32\WINHTTP.dll
[1107/234050.532:ERROR:process_memory_win.cc(73)] ReadMemory at 0x7ffc90950000 of 64 bytes failed: Only part of a ReadProcessMemory or WriteProcessMemory request was completed. (0x12B)
[1107/234050.532:WARNING:pe_image_reader.cc(340)] could not read dos header from C:\WINDOWS\SYSTEM32\dhcpcsvc.DLL
[1107/234050.532:ERROR:process_memory_win.cc(73)] ReadMemory at 0x1ba15f40000 of 64 bytes failed: Only part of a ReadProcessMemory or WriteProcessMemory request was completed. (0x12B)
[1107/234050.532:WARNING:pe_image_reader.cc(340)] could not read dos header from C:\WINDOWS\System32\NSI.dll
[1107/234050.532:ERROR:process_memory_win.cc(73)] ReadMemory at 0x7ffc99d00000 of 64 bytes failed: Only part of a ReadProcessMemory or WriteProcessMemory request was completed. (0x12B)
[1107/234050.532:WARNING:pe_image_reader.cc(340)] could not read dos header from C:\WINDOWS\SYSTEM32\WINMMBASE.dll
[1107/234050.532:ERROR:process_memory_win.cc(73)] ReadMemory at 0x7ffc9e1c0000 of 64 bytes failed: Only part of a ReadProcessMemory or WriteProcessMemory request was completed. (0x12B)
[1107/234050.532:WARNING:pe_image_reader.cc(340)] could not read dos header from C:\WINDOWS\System32\cfgmgr32.dll
[1107/234050.532:ERROR:process_memory_win.cc(73)] ReadMemory at 0x7ffc99a30000 of 64 bytes failed: Only part of a ReadProcessMemory or WriteProcessMemory request was completed. (0x12B)
[1107/234050.532:WARNING:pe_image_reader.cc(340)] could not read dos header from C:\WINDOWS\SYSTEM32\PROPSYS.dll
[1107/234050.532:ERROR:process_memory_win.cc(73)] ReadMemory at 0x7ffc9f130000 of 64 bytes failed: Only part of a ReadProcessMemory or WriteProcessMemory request was completed. (0x12B)
[1107/234050.532:WARNING:pe_image_reader.cc(340)] could not read dos header from C:\WINDOWS\System32\shcore.dll
[1107/234050.532:ERROR:process_memory_win.cc(73)] ReadMemory at 0x7ffc9cfb0000 of 64 bytes failed: Only part of a ReadProcessMemory or WriteProcessMemory request was completed. (0x12B)
[1107/234050.532:WARNING:pe_image_reader.cc(340)] could not read dos header from C:\WINDOWS\SYSTEM32\SSPICLI.DLL
[1107/234050.532:ERROR:process_memory_win.cc(73)] ReadMemory at 0x7ffc9ca60000 of 64 bytes failed: Only part of a ReadProcessMemory or WriteProcessMemory request was completed. (0x12B)
[1107/234050.532:WARNING:pe_image_reader.cc(340)] could not read dos header from C:\WINDOWS\SYSTEM32\CRYPTBASE.DLL
[1107/234050.535:ERROR:process_memory_win.cc(73)] ReadMemory at 0x7ff617120000 of 64 bytes failed: Only part of a ReadProcessMemory or WriteProcessMemory request was completed. (0x12B)
[1107/234050.535:WARNING:pe_image_reader.cc(340)] could not read dos header from C:\Program Files (x86)\Google\Chrome\Application\chrome.exe
[1107/234050.535:ERROR:process_memory_win.cc(73)] ReadMemory at 0x7ffca0180000 of 64 bytes failed: Only part of a ReadProcessMemory or WriteProcessMemory request was completed. (0x12B)
[1107/234050.535:WARNING:pe_image_reader.cc(340)] could not read dos header from C:\WINDOWS\SYSTEM32\ntdll.dll
[1107/234050.535:ERROR:process_memory_win.cc(73)] ReadMemory at 0x7ffc9f580000 of 64 bytes failed: Only part of a ReadProcessMemory or WriteProcessMemory request was completed. (0x12B)
[1107/234050.535:WARNING:pe_image_reader.cc(340)] could not read dos header from C:\WINDOWS\System32\KERNEL32.DLL
[1107/234050.535:ERROR:process_memory_win.cc(73)] ReadMemory at 0x7ffc9d640000 of 64 bytes failed: Only part of a ReadProcessMemory or WriteProcessMemory request was completed. (0x12B)
[1107/234050.536:WARNING:pe_image_reader.cc(340)] could not read dos header from C:\WINDOWS\System32\KERNELBASE.dll
[1107/234050.536:ERROR:process_memory_win.cc(73)] ReadMemory at 0x7ffc79860000 of 64 bytes failed: Only part of a ReadProcessMemory or WriteProcessMemory request was completed. (0x12B)
[1107/234050.536:WARNING:pe_image_reader.cc(340)] could not read dos header from C:\Program Files (x86)\Google\Chrome\Application\86.0.4240.183\chrome_elf.dll
[1107/234050.536:ERROR:process_memory_win.cc(73)] ReadMemory at 0x7ffc94620000 of 64 bytes failed: Only part of a ReadProcessMemory or WriteProcessMemory request was completed. (0x12B)
[1107/234050.536:WARNING:pe_image_reader.cc(340)] could not read dos header from C:\WINDOWS\SYSTEM32\VERSION.dll
[1107/234050.536:ERROR:process_memory_win.cc(73)] ReadMemory at 0x7ffc9f3e0000 of 64 bytes failed: Only part of a ReadProcessMemory or WriteProcessMemory request was completed. (0x12B)
[1107/234050.536:WARNING:pe_image_reader.cc(340)] could not read dos header from C:\WINDOWS\System32\msvcrt.dll
[1107/234050.536:ERROR:process_memory_win.cc(73)] ReadMemory at 0x7ffc9e210000 of 64 bytes failed: Only part of a ReadProcessMemory or WriteProcessMemory request was completed. (0x12B)
[1107/234050.536:WARNING:pe_image_reader.cc(340)] could not read dos header from C:\WINDOWS\System32\bcryptPrimitives.dll
[1107/234050.536:ERROR:process_memory_win.cc(73)] ReadMemory at 0x7ffc9fc90000 of 64 bytes failed: Only part of a ReadProcessMemory or WriteProcessMemory request was completed. (0x12B)
[1107/234050.536:WARNING:pe_image_reader.cc(340)] could not read dos header from C:\WINDOWS\System32\ADVAPI32.dll
[1107/234050.536:ERROR:process_memory_win.cc(73)] ReadMemory at 0x7ffc9fbf0000 of 64 bytes failed: Only part of a ReadProcessMemory or WriteProcessMemory request was completed. (0x12B)
[1107/234050.536:WARNING:pe_image_reader.cc(340)] could not read dos header from C:\WINDOWS\System32\sechost.dll
[1107/234050.536:ERROR:process_memory_win.cc(73)] ReadMemory at 0x7ffca0010000 of 64 bytes failed: Only part of a ReadProcessMemory or WriteProcessMemory request was completed. (0x12B)
[1107/234050.536:WARNING:pe_image_reader.cc(340)] could not read dos header from C:\WINDOWS\System32\RPCRT4.dll
[1107/234050.536:ERROR:process_memory_win.cc(73)] ReadMemory at 0x7ffc42060000 of 64 bytes failed: Only part of a ReadProcessMemory or WriteProcessMemory request was completed. (0x12B)
[1107/234050.536:WARNING:pe_image_reader.cc(340)] could not read dos header from C:\Program Files (x86)\Google\Chrome\Application\86.0.4240.183\chrome.dll
[1107/234050.536:ERROR:process_memory_win.cc(73)] ReadMemory at 0x7ffc9f790000 of 64 bytes failed: Only part of a ReadProcessMemory or WriteProcessMemory request was completed. (0x12B)
[1107/234050.536:WARNING:pe_image_reader.cc(340)] could not read dos header from C:\WINDOWS\System32\WS2_32.dll
[1107/234050.536:ERROR:process_memory_win.cc(73)] ReadMemory at 0x7ffc9f4b0000 of 64 bytes failed: Only part of a ReadProcessMemory or WriteProcessMemory request was completed. (0x12B)
[1107/234050.536:WARNING:pe_image_reader.cc(340)] could not read dos header from C:\WINDOWS\System32\OLEAUT32.dll
[1107/234050.536:ERROR:process_memory_win.cc(73)] ReadMemory at 0x7ffc9d2b0000 of 64 bytes failed: Only part of a ReadProcessMemory or WriteProcessMemory request was completed. (0x12B)
[1107/234050.536:WARNING:pe_image_reader.cc(340)] could not read dos header from C:\WINDOWS\System32\msvcp_win.dll
[1107/234050.536:ERROR:process_memory_win.cc(73)] ReadMemory at 0x7ffc9e090000 of 64 bytes failed: Only part of a ReadProcessMemory or WriteProcessMemory request was completed. (0x12B)
[1107/234050.537:WARNING:pe_image_reader.cc(340)] could not read dos header from C:\WINDOWS\System32\ucrtbase.dll
[1107/234050.537:ERROR:process_memory_win.cc(73)] ReadMemory at 0x7ffc9edf0000 of 64 bytes failed: Only part of a ReadProcessMemory or WriteProcessMemory request was completed. (0x12B)
[1107/234050.537:WARNING:pe_image_reader.cc(340)] could not read dos header from C:\WINDOWS\System32\combase.dll
[1107/234050.537:ERROR:process_memory_win.cc(73)] ReadMemory at 0x7ffc9d220000 of 64 bytes failed: Only part of a ReadProcessMemory or WriteProcessMemory request was completed. (0x12B)
[1107/234050.537:WARNING:pe_image_reader.cc(340)] could not read dos header from C:\WINDOWS\System32\WINTRUST.dll
[1107/234050.537:ERROR:process_memory_win.cc(73)] ReadMemory at 0x7ffc9d100000 of 64 bytes failed: Only part of a ReadProcessMemory or WriteProcessMemory request was completed. (0x12B)
[1107/234050.537:WARNING:pe_image_reader.cc(340)] could not read dos header from C:\WINDOWS\System32\MSASN1.dll
[1107/234050.537:ERROR:process_memory_win.cc(73)] ReadMemory at 0x7ffc9d4f0000 of 64 bytes failed: Only part of a ReadProcessMemory or WriteProcessMemory request was completed. (0x12B)
[1107/234050.537:WARNING:pe_image_reader.cc(340)] could not read dos header from C:\WINDOWS\System32\CRYPT32.dll
[1107/234050.537:ERROR:process_memory_win.cc(73)] ReadMemory at 0x7ffc81b30000 of 64 bytes failed: Only part of a ReadProcessMemory or WriteProcessMemory request was completed. (0x12B)
[1107/234050.537:WARNING:pe_image_reader.cc(340)] could not read dos header from C:\WINDOWS\SYSTEM32\dbghelp.dll
[1107/234050.537:ERROR:process_memory_win.cc(73)] ReadMemory at 0x7ffc9c5a0000 of 64 bytes failed: Only part of a ReadProcessMemory or WriteProcessMemory request was completed. (0x12B)
[1107/234050.537:WARNING:pe_image_reader.cc(340)] could not read dos header from C:\WINDOWS\SYSTEM32\IPHLPAPI.DLL
[1107/234050.537:ERROR:process_memory_win.cc(73)] ReadMemory at 0x7ffc99d30000 of 64 bytes failed: Only part of a ReadProcessMemory or WriteProcessMemory request was completed. (0x12B)
[1107/234050.537:WARNING:pe_image_reader.cc(340)] could not read dos header from C:\WINDOWS\SYSTEM32\WINMM.dll
[1107/234050.537:ERROR:process_memory_win.cc(73)] ReadMemory at 0x7ffc6f660000 of 64 bytes failed: Only part of a ReadProcessMemory or WriteProcessMemory request was completed. (0x12B)
[1107/234050.537:WARNING:pe_image_reader.cc(340)] could not read dos header from C:\WINDOWS\SYSTEM32\UIAutomationCore.DLL
[1107/234050.537:ERROR:process_memory_win.cc(73)] ReadMemory at 0x7ffc8a650000 of 64 bytes failed: Only part of a ReadProcessMemory or WriteProcessMemory request was completed. (0x12B)
[1107/234050.537:WARNING:pe_image_reader.cc(340)] could not read dos header from C:\WINDOWS\SYSTEM32\Secur32.dll
[1107/234050.537:ERROR:process_memory_win.cc(73)] ReadMemory at 0x7ffc9cf80000 of 64 bytes failed: Only part of a ReadProcessMemory or WriteProcessMemory request was completed. (0x12B)
[1107/234050.537:WARNING:pe_image_reader.cc(340)] could not read dos header from C:\WINDOWS\SYSTEM32\USERENV.dll
[1107/234050.537:ERROR:process_memory_win.cc(73)] ReadMemory at 0x7ffc9d120000 of 64 bytes failed: Only part of a ReadProcessMemory or WriteProcessMemory request was completed. (0x12B)
[1107/234050.537:WARNING:pe_image_reader.cc(340)] could not read dos header from C:\WINDOWS\System32\profapi.dll
[1107/234050.537:ERROR:process_memory_win.cc(73)] ReadMemory at 0x7ffc8fc40000 of 64 bytes failed: Only part of a ReadProcessMemory or WriteProcessMemory request was completed. (0x12B)
[1107/234050.537:WARNING:pe_image_reader.cc(340)] could not read dos header from C:\WINDOWS\SYSTEM32\DWrite.dll
[1107/234050.537:ERROR:process_memory_win.cc(73)] ReadMemory at 0x7ffc94010000 of 64 bytes failed: Only part of a ReadProcessMemory or WriteProcessMemory request was completed. (0x12B)
[1107/234050.537:WARNING:pe_image_reader.cc(340)] could not read dos header from C:\WINDOWS\SYSTEM32\WINSPOOL.DRV
[1107/234050.538:ERROR:process_memory_win.cc(73)] ReadMemory at 0x7ffc9d150000 of 64 bytes failed: Only part of a ReadProcessMemory or WriteProcessMemory request was completed. (0x12B)
[1107/234050.538:WARNING:pe_image_reader.cc(340)] could not read dos header from C:\WINDOWS\System32\kernel.appcore.dll
[1107/234050.538:ERROR:process_memory_win.cc(73)] ReadMemory at 0x7ffc9d280000 of 64 bytes failed: Only part of a ReadProcessMemory or WriteProcessMemory request was completed. (0x12B)
[1107/234050.538:WARNING:pe_image_reader.cc(340)] could not read dos header from C:\WINDOWS\System32\bcrypt.dll
[1107/234050.538:ERROR:process_memory_win.cc(73)] ReadMemory at 0x7ffc8f670000 of 64 bytes failed: Only part of a ReadProcessMemory or WriteProcessMemory request was completed. (0x12B)
[1107/234050.538:WARNING:pe_image_reader.cc(340)] could not read dos header from C:\WINDOWS\SYSTEM32\WINHTTP.dll
[1107/234050.538:ERROR:process_memory_win.cc(73)] ReadMemory at 0x7ffc90950000 of 64 bytes failed: Only part of a ReadProcessMemory or WriteProcessMemory request was completed. (0x12B)
[1107/234050.538:WARNING:pe_image_reader.cc(340)] could not read dos header from C:\WINDOWS\SYSTEM32\dhcpcsvc.DLL
[1107/234050.538:ERROR:process_memory_win.cc(73)] ReadMemory at 0x1ba15f40000 of 64 bytes failed: Only part of a ReadProcessMemory or WriteProcessMemory request was completed. (0x12B)
[1107/234050.538:WARNING:pe_image_reader.cc(340)] could not read dos header from C:\WINDOWS\System32\NSI.dll
[1107/234050.538:ERROR:process_memory_win.cc(73)] ReadMemory at 0x7ffc99d00000 of 64 bytes failed: Only part of a ReadProcessMemory or WriteProcessMemory request was completed. (0x12B)
[1107/234050.538:WARNING:pe_image_reader.cc(340)] could not read dos header from C:\WINDOWS\SYSTEM32\WINMMBASE.dll
[1107/234050.538:ERROR:process_memory_win.cc(73)] ReadMemory at 0x7ffc9e1c0000 of 64 bytes failed: Only part of a ReadProcessMemory or WriteProcessMemory request was completed. (0x12B)
[1107/234050.538:WARNING:pe_image_reader.cc(340)] could not read dos header from C:\WINDOWS\System32\cfgmgr32.dll
[1107/234050.538:ERROR:process_memory_win.cc(73)] ReadMemory at 0x7ffc99a30000 of 64 bytes failed: Only part of a ReadProcessMemory or WriteProcessMemory request was completed. (0x12B)
[1107/234050.538:WARNING:pe_image_reader.cc(340)] could not read dos header from C:\WINDOWS\SYSTEM32\PROPSYS.dll
[1107/234050.538:ERROR:process_memory_win.cc(73)] ReadMemory at 0x7ffc9f130000 of 64 bytes failed: Only part of a ReadProcessMemory or WriteProcessMemory request was completed. (0x12B)
[1107/234050.538:WARNING:pe_image_reader.cc(340)] could not read dos header from C:\WINDOWS\System32\shcore.dll
[1107/234050.538:ERROR:process_memory_win.cc(73)] ReadMemory at 0x7ffc9cfb0000 of 64 bytes failed: Only part of a ReadProcessMemory or WriteProcessMemory request was completed. (0x12B)
[1107/234050.538:WARNING:pe_image_reader.cc(340)] could not read dos header from C:\WINDOWS\SYSTEM32\SSPICLI.DLL
[1107/234050.538:ERROR:process_memory_win.cc(73)] ReadMemory at 0x7ffc9ca60000 of 64 bytes failed: Only part of a ReadProcessMemory or WriteProcessMemory request was completed. (0x12B)
[1107/234050.538:WARNING:pe_image_reader.cc(340)] could not read dos header from C:\WINDOWS\SYSTEM32\CRYPTBASE.DLL
[1107/234050.538:ERROR:process_memory_win.cc(73)] ReadMemory at 0x7ff617120000 of 64 bytes failed: Only part of a ReadProcessMemory or WriteProcessMemory request was completed. (0x12B)
[1107/234050.538:WARNING:pe_image_reader.cc(340)] could not read dos header from C:\Program Files (x86)\Google\Chrome\Application\chrome.exe
[1107/234050.538:ERROR:process_memory_win.cc(73)] ReadMemory at 0x7ffca0180000 of 64 bytes failed: Only part of a ReadProcessMemory or WriteProcessMemory request was completed. (0x12B)
[1107/234050.538:WARNING:pe_image_reader.cc(340)] could not read dos header from C:\WINDOWS\SYSTEM32\ntdll.dll
[1107/234050.539:ERROR:process_memory_win.cc(73)] ReadMemory at 0x7ffc9f580000 of 64 bytes failed: Only part of a ReadProcessMemory or WriteProcessMemory request was completed. (0x12B)
[1107/234050.539:WARNING:pe_image_reader.cc(340)] could not read dos header from C:\WINDOWS\System32\KERNEL32.DLL
[1107/234050.539:ERROR:process_memory_win.cc(73)] ReadMemory at 0x7ffc9d640000 of 64 bytes failed: Only part of a ReadProcessMemory or WriteProcessMemory request was completed. (0x12B)
[1107/234050.539:WARNING:pe_image_reader.cc(340)] could not read dos header from C:\WINDOWS\System32\KERNELBASE.dll
[1107/234050.539:ERROR:process_memory_win.cc(73)] ReadMemory at 0x7ffc79860000 of 64 bytes failed: Only part of a ReadProcessMemory or WriteProcessMemory request was completed. (0x12B)
[1107/234050.539:WARNING:pe_image_reader.cc(340)] could not read dos header from C:\Program Files (x86)\Google\Chrome\Application\86.0.4240.183\chrome_elf.dll
[1107/234050.539:ERROR:process_memory_win.cc(73)] ReadMemory at 0x7ffc94620000 of 64 bytes failed: Only part of a ReadProcessMemory or WriteProcessMemory request was completed. (0x12B)
[1107/234050.539:WARNING:pe_image_reader.cc(340)] could not read dos header from C:\WINDOWS\SYSTEM32\VERSION.dll
[1107/234050.539:ERROR:process_memory_win.cc(73)] ReadMemory at 0x7ffc9f3e0000 of 64 bytes failed: Only part of a ReadProcessMemory or WriteProcessMemory request was completed. (0x12B)
[1107/234050.539:WARNING:pe_image_reader.cc(340)] could not read dos header from C:\WINDOWS\System32\msvcrt.dll
[1107/234050.539:ERROR:process_memory_win.cc(73)] ReadMemory at 0x7ffc9e210000 of 64 bytes failed: Only part of a ReadProcessMemory or WriteProcessMemory request was completed. (0x12B)
[1107/234050.539:WARNING:pe_image_reader.cc(340)] could not read dos header from C:\WINDOWS\System32\bcryptPrimitives.dll
[1107/234050.539:ERROR:process_memory_win.cc(73)] ReadMemory at 0x7ffc9fc90000 of 64 bytes failed: Only part of a ReadProcessMemory or WriteProcessMemory request was completed. (0x12B)
[1107/234050.539:WARNING:pe_image_reader.cc(340)] could not read dos header from C:\WINDOWS\System32\ADVAPI32.dll
[1107/234050.539:ERROR:process_memory_win.cc(73)] ReadMemory at 0x7ffc9fbf0000 of 64 bytes failed: Only part of a ReadProcessMemory or WriteProcessMemory request was completed. (0x12B)
[1107/234050.539:WARNING:pe_image_reader.cc(340)] could not read dos header from C:\WINDOWS\System32\sechost.dll
[1107/234050.539:ERROR:process_memory_win.cc(73)] ReadMemory at 0x7ffca0010000 of 64 bytes failed: Only part of a ReadProcessMemory or WriteProcessMemory request was completed. (0x12B)
[1107/234050.539:WARNING:pe_image_reader.cc(340)] could not read dos header from C:\WINDOWS\System32\RPCRT4.dll
[1107/234050.539:ERROR:process_memory_win.cc(73)] ReadMemory at 0x7ffc42060000 of 64 bytes failed: Only part of a ReadProcessMemory or WriteProcessMemory request was completed. (0x12B)
[1107/234050.539:WARNING:pe_image_reader.cc(340)] could not read dos header from C:\Program Files (x86)\Google\Chrome\Application\86.0.4240.183\chrome.dll
[1107/234050.539:ERROR:process_memory_win.cc(73)] ReadMemory at 0x7ffc9f790000 of 64 bytes failed: Only part of a ReadProcessMemory or WriteProcessMemory request was completed. (0x12B)
[1107/234050.539:WARNING:pe_image_reader.cc(340)] could not read dos header from C:\WINDOWS\System32\WS2_32.dll
[1107/234050.539:ERROR:process_memory_win.cc(73)] ReadMemory at 0x7ffc9f4b0000 of 64 bytes failed: Only part of a ReadProcessMemory or WriteProcessMemory request was completed. (0x12B)
[1107/234050.539:WARNING:pe_image_reader.cc(340)] could not read dos header from C:\WINDOWS\System32\OLEAUT32.dll
[1107/234050.539:ERROR:process_memory_win.cc(73)] ReadMemory at 0x7ffc9d2b0000 of 64 bytes failed: Only part of a ReadProcessMemory or WriteProcessMemory request was completed. (0x12B)
[1107/234050.539:WARNING:pe_image_reader.cc(340)] could not read dos header from C:\WINDOWS\System32\msvcp_win.dll
[1107/234050.539:ERROR:process_memory_win.cc(73)] ReadMemory at 0x7ffc9e090000 of 64 bytes failed: Only part of a ReadProcessMemory or WriteProcessMemory request was completed. (0x12B)
[1107/234050.540:WARNING:pe_image_reader.cc(340)] could not read dos header from C:\WINDOWS\System32\ucrtbase.dll
[1107/234050.540:ERROR:process_memory_win.cc(73)] ReadMemory at 0x7ffc9edf0000 of 64 bytes failed: Only part of a ReadProcessMemory or WriteProcessMemory request was completed. (0x12B)
[1107/234050.540:WARNING:pe_image_reader.cc(340)] could not read dos header from C:\WINDOWS\System32\combase.dll
[1107/234050.540:ERROR:process_memory_win.cc(73)] ReadMemory at 0x7ffc9d220000 of 64 bytes failed: Only part of a ReadProcessMemory or WriteProcessMemory request was completed. (0x12B)
[1107/234050.540:WARNING:pe_image_reader.cc(340)] could not read dos header from C:\WINDOWS\System32\WINTRUST.dll
[1107/234050.540:ERROR:process_memory_win.cc(73)] ReadMemory at 0x7ffc9d100000 of 64 bytes failed: Only part of a ReadProcessMemory or WriteProcessMemory request was completed. (0x12B)
[1107/234050.540:WARNING:pe_image_reader.cc(340)] could not read dos header from C:\WINDOWS\System32\MSASN1.dll
[1107/234050.540:ERROR:process_memory_win.cc(73)] ReadMemory at 0x7ffc9d4f0000 of 64 bytes failed: Only part of a ReadProcessMemory or WriteProcessMemory request was completed. (0x12B)
[1107/234050.540:WARNING:pe_image_reader.cc(340)] could not read dos header from C:\WINDOWS\System32\CRYPT32.dll
[1107/234050.540:ERROR:process_memory_win.cc(73)] ReadMemory at 0x7ffc81b30000 of 64 bytes failed: Only part of a ReadProcessMemory or WriteProcessMemory request was completed. (0x12B)
[1107/234050.540:WARNING:pe_image_reader.cc(340)] could not read dos header from C:\WINDOWS\SYSTEM32\dbghelp.dll
[1107/234050.540:ERROR:process_memory_win.cc(73)] ReadMemory at 0x7ffc9c5a0000 of 64 bytes failed: Only part of a ReadProcessMemory or WriteProcessMemory request was completed. (0x12B)
[1107/234050.540:WARNING:pe_image_reader.cc(340)] could not read dos header from C:\WINDOWS\SYSTEM32\IPHLPAPI.DLL
[1107/234050.540:ERROR:process_memory_win.cc(73)] ReadMemory at 0x7ffc99d30000 of 64 bytes failed: Only part of a ReadProcessMemory or WriteProcessMemory request was completed. (0x12B)
[1107/234050.540:WARNING:pe_image_reader.cc(340)] could not read dos header from C:\WINDOWS\SYSTEM32\WINMM.dll
[1107/234050.540:ERROR:process_memory_win.cc(73)] ReadMemory at 0x7ffc6f660000 of 64 bytes failed: Only part of a ReadProcessMemory or WriteProcessMemory request was completed. (0x12B)
[1107/234050.540:WARNING:pe_image_reader.cc(340)] could not read dos header from C:\WINDOWS\SYSTEM32\UIAutomationCore.DLL
[1107/234050.540:ERROR:process_memory_win.cc(73)] ReadMemory at 0x7ffc8a650000 of 64 bytes failed: Only part of a ReadProcessMemory or WriteProcessMemory request was completed. (0x12B)
[1107/234050.540:WARNING:pe_image_reader.cc(340)] could not read dos header from C:\WINDOWS\SYSTEM32\Secur32.dll
[1107/234050.540:ERROR:process_memory_win.cc(73)] ReadMemory at 0x7ffc9cf80000 of 64 bytes failed: Only part of a ReadProcessMemory or WriteProcessMemory request was completed. (0x12B)
[1107/234050.540:WARNING:pe_image_reader.cc(340)] could not read dos header from C:\WINDOWS\SYSTEM32\USERENV.dll
[1107/234050.540:ERROR:process_memory_win.cc(73)] ReadMemory at 0x7ffc9d120000 of 64 bytes failed: Only part of a ReadProcessMemory or WriteProcessMemory request was completed. (0x12B)
[1107/234050.540:WARNING:pe_image_reader.cc(340)] could not read dos header from C:\WINDOWS\System32\profapi.dll
[1107/234050.540:ERROR:process_memory_win.cc(73)] ReadMemory at 0x7ffc8fc40000 of 64 bytes failed: Only part of a ReadProcessMemory or WriteProcessMemory request was completed. (0x12B)
[1107/234050.540:WARNING:pe_image_reader.cc(340)] could not read dos header from C:\WINDOWS\SYSTEM32\DWrite.dll
[1107/234050.540:ERROR:process_memory_win.cc(73)] ReadMemory at 0x7ffc94010000 of 64 bytes failed: Only part of a ReadProcessMemory or WriteProcessMemory request was completed. (0x12B)
[1107/234050.541:WARNING:pe_image_reader.cc(340)] could not read dos header from C:\WINDOWS\SYSTEM32\WINSPOOL.DRV
[1107/234050.541:ERROR:process_memory_win.cc(73)] ReadMemory at 0x7ffc9d150000 of 64 bytes failed: Only part of a ReadProcessMemory or WriteProcessMemory request was completed. (0x12B)
[1107/234050.541:WARNING:pe_image_reader.cc(340)] could not read dos header from C:\WINDOWS\System32\kernel.appcore.dll
[1107/234050.541:ERROR:process_memory_win.cc(73)] ReadMemory at 0x7ffc9d280000 of 64 bytes failed: Only part of a ReadProcessMemory or WriteProcessMemory request was completed. (0x12B)
[1107/234050.541:WARNING:pe_image_reader.cc(340)] could not read dos header from C:\WINDOWS\System32\bcrypt.dll
[1107/234050.541:ERROR:process_memory_win.cc(73)] ReadMemory at 0x7ffc8f670000 of 64 bytes failed: Only part of a ReadProcessMemory or WriteProcessMemory request was completed. (0x12B)
[1107/234050.541:WARNING:pe_image_reader.cc(340)] could not read dos header from C:\WINDOWS\SYSTEM32\WINHTTP.dll
[1107/234050.541:ERROR:process_memory_win.cc(73)] ReadMemory at 0x7ffc90950000 of 64 bytes failed: Only part of a ReadProcessMemory or WriteProcessMemory request was completed. (0x12B)
[1107/234050.541:WARNING:pe_image_reader.cc(340)] could not read dos header from C:\WINDOWS\SYSTEM32\dhcpcsvc.DLL
[1107/234050.541:ERROR:process_memory_win.cc(73)] ReadMemory at 0x1ba15f40000 of 64 bytes failed: Only part of a ReadProcessMemory or WriteProcessMemory request was completed. (0x12B)
[1107/234050.541:WARNING:pe_image_reader.cc(340)] could not read dos header from C:\WINDOWS\System32\NSI.dll
[1107/234050.541:ERROR:process_memory_win.cc(73)] ReadMemory at 0x7ffc99d00000 of 64 bytes failed: Only part of a ReadProcessMemory or WriteProcessMemory request was completed. (0x12B)
[1107/234050.541:WARNING:pe_image_reader.cc(340)] could not read dos header from C:\WINDOWS\SYSTEM32\WINMMBASE.dll
[1107/234050.541:ERROR:process_memory_win.cc(73)] ReadMemory at 0x7ffc9e1c0000 of 64 bytes failed: Only part of a ReadProcessMemory or WriteProcessMemory request was completed. (0x12B)
[1107/234050.541:WARNING:pe_image_reader.cc(340)] could not read dos header from C:\WINDOWS\System32\cfgmgr32.dll
[1107/234050.541:ERROR:process_memory_win.cc(73)] ReadMemory at 0x7ffc99a30000 of 64 bytes failed: Only part of a ReadProcessMemory or WriteProcessMemory request was completed. (0x12B)
[1107/234050.541:WARNING:pe_image_reader.cc(340)] could not read dos header from C:\WINDOWS\SYSTEM32\PROPSYS.dll
[1107/234050.541:ERROR:process_memory_win.cc(73)] ReadMemory at 0x7ffc9f130000 of 64 bytes failed: Only part of a ReadProcessMemory or WriteProcessMemory request was completed. (0x12B)
[1107/234050.541:WARNING:pe_image_reader.cc(340)] could not read dos header from C:\WINDOWS\System32\shcore.dll
[1107/234050.541:ERROR:process_memory_win.cc(73)] ReadMemory at 0x7ffc9cfb0000 of 64 bytes failed: Only part of a ReadProcessMemory or WriteProcessMemory request was completed. (0x12B)
[1107/234050.541:WARNING:pe_image_reader.cc(340)] could not read dos header from C:\WINDOWS\SYSTEM32\SSPICLI.DLL
[1107/234050.541:ERROR:process_memory_win.cc(73)] ReadMemory at 0x7ffc9ca60000 of 64 bytes failed: Only part of a ReadProcessMemory or WriteProcessMemory request was completed. (0x12B)
[1107/234050.541:WARNING:pe_image_reader.cc(340)] could not read dos header from C:\WINDOWS\SYSTEM32\CRYPTBASE.DLL
[1107/234050.554:ERROR:process_memory_win.cc(73)] ReadMemory at 0x24603f6000 of 40960 bytes failed: Only part of a ReadProcessMemory or WriteProcessMemory request was completed. (0x12B)
[1107/234050.554:ERROR:process_memory_win.cc(73)] ReadMemory at 0x2460bfe000 of 8192 bytes failed: Only part of a ReadProcessMemory or WriteProcessMemory request was completed. (0x12B)
[1107/234050.554:ERROR:process_memory_win.cc(73)] ReadMemory at 0x24613fe000 of 8192 bytes failed: Only part of a ReadProcessMemory or WriteProcessMemory request was completed. (0x12B)
[1107/234050.554:ERROR:process_memory_win.cc(73)] ReadMemory at 0x2461bfe000 of 8192 bytes failed: Only part of a ReadProcessMemory or WriteProcessMemory request was completed. (0x12B)
[1107/234050.554:ERROR:process_memory_win.cc(73)] ReadMemory at 0x24623fd000 of 12288 bytes failed: Only part of a ReadProcessMemory or WriteProcessMemory request was completed. (0x12B)
[1107/234050.554:ERROR:process_memory_win.cc(73)] ReadMemory at 0x2462bfe000 of 8192 bytes failed: Only part of a ReadProcessMemory or WriteProcessMemory request was completed. (0x12B)
[1107/234050.554:ERROR:process_memory_win.cc(73)] ReadMemory at 0x24633fe000 of 8192 bytes failed: Only part of a ReadProcessMemory or WriteProcessMemory request was completed. (0x12B)
[1107/234050.554:ERROR:process_memory_win.cc(73)] ReadMemory at 0x2463bfe000 of 8192 bytes failed: Only part of a ReadProcessMemory or WriteProcessMemory request was completed. (0x12B)
[1107/234050.555:ERROR:process_memory_win.cc(73)] ReadMemory at 0x24643fd000 of 12288 bytes failed: Only part of a ReadProcessMemory or WriteProcessMemory request was completed. (0x12B)
[1107/234050.555:ERROR:process_memory_win.cc(73)] ReadMemory at 0x2464bfe000 of 8192 bytes failed: Only part of a ReadProcessMemory or WriteProcessMemory request was completed. (0x12B)
[1107/234050.555:ERROR:process_memory_win.cc(73)] ReadMemory at 0x24653fe000 of 8192 bytes failed: Only part of a ReadProcessMemory or WriteProcessMemory request was completed. (0x12B)
[1107/234050.555:ERROR:process_memory_win.cc(73)] ReadMemory at 0x2465bfe000 of 8192 bytes failed: Only part of a ReadProcessMemory or WriteProcessMemory request was completed. (0x12B)
[1107/234050.555:ERROR:process_memory_win.cc(73)] ReadMemory at 0x24663fe000 of 8192 bytes failed: Only part of a ReadProcessMemory or WriteProcessMemory request was completed. (0x12B)
[1107/234050.555:ERROR:process_memory_win.cc(73)] ReadMemory at 0x2466bfe000 of 8192 bytes failed: Only part of a ReadProcessMemory or WriteProcessMemory request was completed. (0x12B)
[1107/234050.555:ERROR:process_memory_win.cc(73)] ReadMemory at 0x24673fe000 of 8192 bytes failed: Only part of a ReadProcessMemory or WriteProcessMemory request was completed. (0x12B)
[1107/234050.555:ERROR:process_memory_win.cc(73)] ReadMemory at 0x2467bfe000 of 8192 bytes failed: Only part of a ReadProcessMemory or WriteProcessMemory request was completed. (0x12B)
[1107/234050.555:ERROR:process_memory_win.cc(73)] ReadMemory at 0x245fa98000 of 852 bytes failed: Only part of a ReadProcessMemory or WriteProcessMemory request was completed. (0x12B)
[1107/234050.555:ERROR:process_memory_win.cc(73)] ReadMemory at 0x245fa99000 of 6024 bytes failed: Only part of a ReadProcessMemory or WriteProcessMemory request was completed. (0x12B)
[1107/234050.555:ERROR:process_memory_win.cc(73)] ReadMemory at 0x245fa9b000 of 6024 bytes failed: Only part of a ReadProcessMemory or WriteProcessMemory request was completed. (0x12B)
[1107/234050.556:ERROR:process_memory_win.cc(73)] ReadMemory at 0x245fa9d000 of 6024 bytes failed: Only part of a ReadProcessMemory or WriteProcessMemory request was completed. (0x12B)
[1107/234050.556:ERROR:process_memory_win.cc(73)] ReadMemory at 0x245fa9f000 of 6024 bytes failed: Only part of a ReadProcessMemory or WriteProcessMemory request was completed. (0x12B)
[1107/234050.556:ERROR:process_memory_win.cc(73)] ReadMemory at 0x245faa1000 of 6024 bytes failed: Only part of a ReadProcessMemory or WriteProcessMemory request was completed. (0x12B)
[1107/234050.556:ERROR:process_memory_win.cc(73)] ReadMemory at 0x245faa3000 of 6024 bytes failed: Only part of a ReadProcessMemory or WriteProcessMemory request was completed. (0x12B)
[1107/234050.556:ERROR:process_memory_win.cc(73)] ReadMemory at 0x245faa5000 of 6024 bytes failed: Only part of a ReadProcessMemory or WriteProcessMemory request was completed. (0x12B)
[1107/234050.556:ERROR:process_memory_win.cc(73)] ReadMemory at 0x245faa7000 of 6024 bytes failed: Only part of a ReadProcessMemory or WriteProcessMemory request was completed. (0x12B)
[1107/234050.556:ERROR:process_memory_win.cc(73)] ReadMemory at 0x245faa9000 of 6024 bytes failed: Only part of a ReadProcessMemory or WriteProcessMemory request was completed. (0x12B)
[1107/234050.556:ERROR:process_memory_win.cc(73)] ReadMemory at 0x245faab000 of 6024 bytes failed: Only part of a ReadProcessMemory or WriteProcessMemory request was completed. (0x12B)
[1107/234050.556:ERROR:process_memory_win.cc(73)] ReadMemory at 0x245faad000 of 6024 bytes failed: Only part of a ReadProcessMemory or WriteProcessMemory request was completed. (0x12B)
[1107/234050.556:ERROR:process_memory_win.cc(73)] ReadMemory at 0x245faaf000 of 6024 bytes failed: Only part of a ReadProcessMemory or WriteProcessMemory request was completed. (0x12B)
[1107/234050.556:ERROR:process_memory_win.cc(73)] ReadMemory at 0x245fab1000 of 6024 bytes failed: Only part of a ReadProcessMemory or WriteProcessMemory request was completed. (0x12B)
[1107/234050.557:ERROR:process_memory_win.cc(73)] ReadMemory at 0x245fab3000 of 6024 bytes failed: Only part of a ReadProcessMemory or WriteProcessMemory request was completed. (0x12B)
[1107/234050.557:ERROR:process_memory_win.cc(73)] ReadMemory at 0x245fab5000 of 6024 bytes failed: Only part of a ReadProcessMemory or WriteProcessMemory request was completed. (0x12B)
[1107/234050.557:ERROR:process_memory_win.cc(73)] ReadMemory at 0x245fab7000 of 6024 bytes failed: Only part of a ReadProcessMemory or WriteProcessMemory request was completed. (0x12B)
[1107/234050.557:ERROR:process_memory_win.cc(73)] ReadMemory at 0x1ba15df0000 of 384 bytes failed: Only part of a ReadProcessMemory or WriteProcessMemory request was completed. (0x12B)
[1107/234050.557:ERROR:process_memory_win.cc(73)] ReadMemory at 0x1ba15df0fe0 of 5338 bytes failed: Only part of a ReadProcessMemory or WriteProcessMemory request was completed. (0x12B)
[1107/234050.557:ERROR:process_memory_win.cc(73)] ReadMemory at 0x1ba15df24d0 of 1012 bytes failed: Only part of a ReadProcessMemory or WriteProcessMemory request was completed. (0x12B)
[1107/234050.557:ERROR:process_memory_win.cc(73)] ReadMemory at 0x1ba15df2b18 of 118 bytes failed: Only part of a ReadProcessMemory or WriteProcessMemory request was completed. (0x12B)
[1107/234050.557:ERROR:process_memory_win.cc(73)] ReadMemory at 0x1ba15df2b90 of 750 bytes failed: Only part of a ReadProcessMemory or WriteProcessMemory request was completed. (0x12B)
[1107/234050.557:ERROR:process_memory_win.cc(73)] ReadMemory at 0x1ba15df2e80 of 118 bytes failed: Only part of a ReadProcessMemory or WriteProcessMemory request was completed. (0x12B)
[1107/234050.557:ERROR:process_memory_win.cc(73)] ReadMemory at 0x1ba15df2ef8 of 96 bytes failed: Only part of a ReadProcessMemory or WriteProcessMemory request was completed. (0x12B)
[1107/234050.557:ERROR:process_memory_win.cc(73)] ReadMemory at 0x1ba15df2f70 of 58 bytes failed: Only part of a ReadProcessMemory or WriteProcessMemory request was completed. (0x12B)
[1107/234050.557:ERROR:process_memory_win.cc(73)] ReadMemory at 0x1ba15df3070 of 132 bytes failed: Only part of a ReadProcessMemory or WriteProcessMemory request was completed. (0x12B)
[1107/234050.558:ERROR:process_memory_win.cc(73)] ReadMemory at 0x1ba15df3200 of 132 bytes failed: Only part of a ReadProcessMemory or WriteProcessMemory request was completed. (0x12B)
[1107/234050.558:ERROR:process_memory_win.cc(73)] ReadMemory at 0x1ba15df33c0 of 126 bytes failed: Only part of a ReadProcessMemory or WriteProcessMemory request was completed. (0x12B)
[1107/234050.558:ERROR:process_memory_win.cc(73)] ReadMemory at 0x1ba15df38c0 of 132 bytes failed: Only part of a ReadProcessMemory or WriteProcessMemory request was completed. (0x12B)
[1107/234050.558:ERROR:process_memory_win.cc(73)] ReadMemory at 0x1ba15df3a50 of 64 bytes failed: Only part of a ReadProcessMemory or WriteProcessMemory request was completed. (0x12B)
[1107/234050.558:ERROR:process_memory_win.cc(73)] ReadMemory at 0x1ba15df3c10 of 132 bytes failed: Only part of a ReadProcessMemory or WriteProcessMemory request was completed. (0x12B)
[1107/234050.558:ERROR:process_memory_win.cc(73)] ReadMemory at 0x1ba15df3eb0 of 132 bytes failed: Only part of a ReadProcessMemory or WriteProcessMemory request was completed. (0x12B)
[1107/234050.558:ERROR:process_memory_win.cc(73)] ReadMemory at 0x1ba15df4040 of 68 bytes failed: Only part of a ReadProcessMemory or WriteProcessMemory request was completed. (0x12B)
[1107/234050.558:ERROR:process_memory_win.cc(73)] ReadMemory at 0x1ba15df5100 of 132 bytes failed: Only part of a ReadProcessMemory or WriteProcessMemory request was completed. (0x12B)
[1107/234050.558:ERROR:process_memory_win.cc(73)] ReadMemory at 0x1ba15df5290 of 154 bytes failed: Only part of a ReadProcessMemory or WriteProcessMemory request was completed. (0x12B)
[1107/234050.558:ERROR:process_memory_win.cc(73)] ReadMemory at 0x1ba15df6050 of 62 bytes failed: Only part of a ReadProcessMemory or WriteProcessMemory request was completed. (0x12B)
[1107/234050.558:ERROR:process_memory_win.cc(73)] ReadMemory at 0x1ba15df61b0 of 132 bytes failed: Only part of a ReadProcessMemory or WriteProcessMemory request was completed. (0x12B)
[1107/234050.558:ERROR:process_memory_win.cc(73)] ReadMemory at 0x1ba15df6340 of 60 bytes failed: Only part of a ReadProcessMemory or WriteProcessMemory request was completed. (0x12B)
[1107/234050.558:ERROR:process_memory_win.cc(73)] ReadMemory at 0x1ba15dfad50 of 60 bytes failed: Only part of a ReadProcessMemory or WriteProcessMemory request was completed. (0x12B)
[1107/234050.559:ERROR:process_memory_win.cc(73)] ReadMemory at 0x1ba15dfae90 of 64 bytes failed: Only part of a ReadProcessMemory or WriteProcessMemory request was completed. (0x12B)
[1107/234050.559:ERROR:process_memory_win.cc(73)] ReadMemory at 0x1ba15dfaee0 of 62 bytes failed: Only part of a ReadProcessMemory or WriteProcessMemory request was completed. (0x12B)
[1107/234050.559:ERROR:process_memory_win.cc(73)] ReadMemory at 0x1ba15dff420 of 54 bytes failed: Only part of a ReadProcessMemory or WriteProcessMemory request was completed. (0x12B)
[1107/234050.559:ERROR:process_memory_win.cc(73)] ReadMemory at 0x1ba15e041b0 of 132 bytes failed: Only part of a ReadProcessMemory or WriteProcessMemory request was completed. (0x12B)
[1107/234050.559:ERROR:process_memory_win.cc(73)] ReadMemory at 0x1ba15e05340 of 80 bytes failed: Only part of a ReadProcessMemory or WriteProcessMemory request was completed. (0x12B)
[1107/234050.559:ERROR:process_memory_win.cc(73)] ReadMemory at 0x1ba15e05520 of 80 bytes failed: Only part of a ReadProcessMemory or WriteProcessMemory request was completed. (0x12B)
[1107/234050.559:ERROR:process_memory_win.cc(73)] ReadMemory at 0x1ba15e05640 of 76 bytes failed: Only part of a ReadProcessMemory or WriteProcessMemory request was completed. (0x12B)
[1107/234050.559:ERROR:process_memory_win.cc(73)] ReadMemory at 0x1ba15e060d0 of 132 bytes failed: Only part of a ReadProcessMemory or WriteProcessMemory request was completed. (0x12B)
[1107/234050.559:ERROR:process_memory_win.cc(73)] ReadMemory at 0x1ba15e07470 of 132 bytes failed: Only part of a ReadProcessMemory or WriteProcessMemory request was completed. (0x12B)
[1107/234050.559:ERROR:process_memory_win.cc(73)] ReadMemory at 0x1ba15e076d0 of 132 bytes failed: Only part of a ReadProcessMemory or WriteProcessMemory request was completed. (0x12B)
[1107/234050.559:ERROR:process_memory_win.cc(73)] ReadMemory at 0x1ba15e07800 of 132 bytes failed: Only part of a ReadProcessMemory or WriteProcessMemory request was completed. (0x12B)
[1107/234050.559:ERROR:process_memory_win.cc(73)] ReadMemory at 0x1ba15e07930 of 132 bytes failed: Only part of a ReadProcessMemory or WriteProcessMemory request was completed. (0x12B)
[1107/234050.559:ERROR:process_memory_win.cc(73)] ReadMemory at 0x1ba15e07a60 of 132 bytes failed: Only part of a ReadProcessMemory or WriteProcessMemory request was completed. (0x12B)
[1107/234050.560:ERROR:process_memory_win.cc(73)] ReadMemory at 0x1ba15e07b90 of 132 bytes failed: Only part of a ReadProcessMemory or WriteProcessMemory request was completed. (0x12B)
[1107/234050.560:ERROR:process_memory_win.cc(73)] ReadMemory at 0x1ba15e07cc0 of 132 bytes failed: Only part of a ReadProcessMemory or WriteProcessMemory request was completed. (0x12B)
[1107/234050.560:ERROR:process_memory_win.cc(73)] ReadMemory at 0x1ba15e07df0 of 132 bytes failed: Only part of a ReadProcessMemory or WriteProcessMemory request was completed. (0x12B)
[1107/234050.560:ERROR:process_memory_win.cc(73)] ReadMemory at 0x1ba15e07f20 of 132 bytes failed: Only part of a ReadProcessMemory or WriteProcessMemory request was completed. (0x12B)
[1107/234050.560:ERROR:process_memory_win.cc(73)] ReadMemory at 0x1ba15e08050 of 132 bytes failed: Only part of a ReadProcessMemory or WriteProcessMemory request was completed. (0x12B)
[1107/234050.560:ERROR:process_memory_win.cc(73)] ReadMemory at 0x1ba15e08180 of 132 bytes failed: Only part of a ReadProcessMemory or WriteProcessMemory request was completed. (0x12B)
[1107/234050.560:ERROR:process_memory_win.cc(73)] ReadMemory at 0x1ba15e082b0 of 132 bytes failed: Only part of a ReadProcessMemory or WriteProcessMemory request was completed. (0x12B)
[1107/234050.560:ERROR:process_memory_win.cc(73)] ReadMemory at 0x1ba15e08510 of 132 bytes failed: Only part of a ReadProcessMemory or WriteProcessMemory request was completed. (0x12B)
[1107/234050.560:ERROR:process_memory_win.cc(73)] ReadMemory at 0x1ba15e0a090 of 132 bytes failed: Only part of a ReadProcessMemory or WriteProcessMemory request was completed. (0x12B)
[1107/234050.560:ERROR:process_memory_win.cc(73)] ReadMemory at 0x1ba15e0a1c0 of 146 bytes failed: Only part of a ReadProcessMemory or WriteProcessMemory request was completed. (0x12B)
[1107/234050.560:ERROR:process_memory_win.cc(73)] ReadMemory at 0x1ba15e0a6e0 of 132 bytes failed: Only part of a ReadProcessMemory or WriteProcessMemory request was completed. (0x12B)
[1107/234050.560:ERROR:process_memory_win.cc(73)] ReadMemory at 0x1ba15e0a810 of 132 bytes failed: Only part of a ReadProcessMemory or WriteProcessMemory request was completed. (0x12B)
[1107/234050.560:ERROR:process_memory_win.cc(73)] ReadMemory at 0x1ba15e0ab30 of 132 bytes failed: Only part of a ReadProcessMemory or WriteProcessMemory request was completed. (0x12B)
[1107/234050.561:ERROR:process_memory_win.cc(73)] ReadMemory at 0x1ba15e0ad50 of 132 bytes failed: Only part of a ReadProcessMemory or WriteProcessMemory request was completed. (0x12B)
[1107/234050.561:ERROR:process_memory_win.cc(73)] ReadMemory at 0x1ba15e0afe0 of 60 bytes failed: Only part of a ReadProcessMemory or WriteProcessMemory request was completed. (0x12B)
[1107/234050.561:ERROR:process_memory_win.cc(73)] ReadMemory at 0x1ba15e0b030 of 60 bytes failed: Only part of a ReadProcessMemory or WriteProcessMemory request was completed. (0x12B)
[1107/234050.561:ERROR:process_memory_win.cc(73)] ReadMemory at 0x1ba15e0b080 of 62 bytes failed: Only part of a ReadProcessMemory or WriteProcessMemory request was completed. (0x12B)
[1107/234050.561:ERROR:process_memory_win.cc(73)] ReadMemory at 0x1ba15e0b0d0 of 62 bytes failed: Only part of a ReadProcessMemory or WriteProcessMemory request was completed. (0x12B)
[1107/234050.561:ERROR:process_memory_win.cc(73)] ReadMemory at 0x1ba15e0b120 of 62 bytes failed: Only part of a ReadProcessMemory or WriteProcessMemory request was completed. (0x12B)
[1107/234050.561:ERROR:process_memory_win.cc(73)] ReadMemory at 0x1ba15e0b170 of 64 bytes failed: Only part of a ReadProcessMemory or WriteProcessMemory request was completed. (0x12B)
[1107/234050.561:ERROR:process_memory_win.cc(73)] ReadMemory at 0x1ba15e0b1c0 of 58 bytes failed: Only part of a ReadProcessMemory or WriteProcessMemory request was completed. (0x12B)
[1107/234050.561:ERROR:process_memory_win.cc(73)] ReadMemory at 0x1ba15e0b210 of 66 bytes failed: Only part of a ReadProcessMemory or WriteProcessMemory request was completed. (0x12B)
[1107/234050.561:ERROR:process_memory_win.cc(73)] ReadMemory at 0x1ba15e0b260 of 64 bytes failed: Only part of a ReadProcessMemory or WriteProcessMemory request was completed. (0x12B)
[1107/234050.561:ERROR:process_memory_win.cc(73)] ReadMemory at 0x1ba15e0b300 of 64 bytes failed: Only part of a ReadProcessMemory or WriteProcessMemory request was completed. (0x12B)
[1107/234050.561:ERROR:process_memory_win.cc(73)] ReadMemory at 0x1ba15e0b3f0 of 60 bytes failed: Only part of a ReadProcessMemory or WriteProcessMemory request was completed. (0x12B)
[1107/234050.561:ERROR:process_memory_win.cc(73)] ReadMemory at 0x1ba15e0b4e0 of 66 bytes failed: Only part of a ReadProcessMemory or WriteProcessMemory request was completed. (0x12B)
[1107/234050.562:ERROR:process_memory_win.cc(73)] ReadMemory at 0x1ba15e0b530 of 64 bytes failed: Only part of a ReadProcessMemory or WriteProcessMemory request was completed. (0x12B)
[1107/234050.562:ERROR:process_memory_win.cc(73)] ReadMemory at 0x1ba15e0b580 of 62 bytes failed: Only part of a ReadProcessMemory or WriteProcessMemory request was completed. (0x12B)
[1107/234050.562:ERROR:process_memory_win.cc(73)] ReadMemory at 0x1ba15e0b6c0 of 60 bytes failed: Only part of a ReadProcessMemory or WriteProcessMemory request was completed. (0x12B)
[1107/234050.562:ERROR:process_memory_win.cc(73)] ReadMemory at 0x1ba15e0b710 of 64 bytes failed: Only part of a ReadProcessMemory or WriteProcessMemory request was completed. (0x12B)
[1107/234050.562:ERROR:process_memory_win.cc(73)] ReadMemory at 0x1ba15e0b760 of 62 bytes failed: Only part of a ReadProcessMemory or WriteProcessMemory request was completed. (0x12B)
[1107/234050.562:ERROR:process_memory_win.cc(73)] ReadMemory at 0x1ba15e0b990 of 62 bytes failed: Only part of a ReadProcessMemory or WriteProcessMemory request was completed. (0x12B)
[1107/234050.562:ERROR:process_memory_win.cc(73)] ReadMemory at 0x1ba15e0ba80 of 62 bytes failed: Only part of a ReadProcessMemory or WriteProcessMemory request was completed. (0x12B)
[1107/234050.562:ERROR:process_memory_win.cc(73)] ReadMemory at 0x1ba15e0bc10 of 62 bytes failed: Only part of a ReadProcessMemory or WriteProcessMemory request was completed. (0x12B)
[1107/234050.562:ERROR:process_memory_win.cc(73)] ReadMemory at 0x1ba15e0bcb0 of 64 bytes failed: Only part of a ReadProcessMemory or WriteProcessMemory request was completed. (0x12B)
[1107/234050.562:ERROR:process_memory_win.cc(73)] ReadMemory at 0x1ba15e0bdf0 of 60 bytes failed: Only part of a ReadProcessMemory or WriteProcessMemory request was completed. (0x12B)
[1107/234050.562:ERROR:process_memory_win.cc(73)] ReadMemory at 0x1ba15e0be40 of 62 bytes failed: Only part of a ReadProcessMemory or WriteProcessMemory request was completed. (0x12B)
[1107/234050.562:ERROR:process_memory_win.cc(73)] ReadMemory at 0x1ba15e0bee0 of 64 bytes failed: Only part of a ReadProcessMemory or WriteProcessMemory request was completed. (0x12B)
[1107/234050.562:ERROR:process_memory_win.cc(73)] ReadMemory at 0x1ba15e0cfb0 of 132 bytes failed: Only part of a ReadProcessMemory or WriteProcessMemory request was completed. (0x12B)
[1107/234050.562:ERROR:process_memory_win.cc(73)] ReadMemory at 0x1ba15e0d0e0 of 132 bytes failed: Only part of a ReadProcessMemory or WriteProcessMemory request was completed. (0x12B)
[1107/234050.563:ERROR:process_memory_win.cc(73)] ReadMemory at 0x1ba15e12150 of 132 bytes failed: Only part of a ReadProcessMemory or WriteProcessMemory request was completed. (0x12B)
[1107/234050.563:ERROR:process_memory_win.cc(73)] ReadMemory at 0x1ba15e12280 of 132 bytes failed: Only part of a ReadProcessMemory or WriteProcessMemory request was completed. (0x12B)
[1107/234050.563:ERROR:process_memory_win.cc(73)] ReadMemory at 0x1ba15e123b0 of 132 bytes failed: Only part of a ReadProcessMemory or WriteProcessMemory request was completed. (0x12B)
[1107/234050.563:ERROR:process_memory_win.cc(73)] ReadMemory at 0x1ba15e124e0 of 132 bytes failed: Only part of a ReadProcessMemory or WriteProcessMemory request was completed. (0x12B)
[1107/234050.563:ERROR:process_memory_win.cc(73)] ReadMemory at 0x1ba15e12740 of 132 bytes failed: Only part of a ReadProcessMemory or WriteProcessMemory request was completed. (0x12B)
[1107/234050.563:ERROR:process_memory_win.cc(73)] ReadMemory at 0x1ba15e12e60 of 132 bytes failed: Only part of a ReadProcessMemory or WriteProcessMemory request was completed. (0x12B)
[1107/234050.563:ERROR:process_memory_win.cc(73)] ReadMemory at 0x1ba15e136b0 of 132 bytes failed: Only part of a ReadProcessMemory or WriteProcessMemory request was completed. (0x12B)
[1107/234050.563:ERROR:process_memory_win.cc(73)] ReadMemory at 0x1ba15e13910 of 132 bytes failed: Only part of a ReadProcessMemory or WriteProcessMemory request was completed. (0x12B)
[1107/234050.563:ERROR:process_memory_win.cc(73)] ReadMemory at 0x1ba15e13a40 of 132 bytes failed: Only part of a ReadProcessMemory or WriteProcessMemory request was completed. (0x12B)
[1107/234050.563:ERROR:process_memory_win.cc(73)] ReadMemory at 0x1ba15e13ca0 of 132 bytes failed: Only part of a ReadProcessMemory or WriteProcessMemory request was completed. (0x12B)
[1107/234050.563:ERROR:process_memory_win.cc(73)] ReadMemory at 0x1ba15e28c80 of 512 bytes failed: Only part of a ReadProcessMemory or WriteProcessMemory request was completed. (0x12B)
[1107/234050.563:ERROR:process_memory_win.cc(73)] ReadMemory at 0x1ba15e5bc50 of 512 bytes failed: Only part of a ReadProcessMemory or WriteProcessMemory request was completed. (0x12B)
[1107/234050.564:ERROR:process_memory_win.cc(73)] ReadMemory at 0x1ba15e5c280 of 512 bytes failed: Only part of a ReadProcessMemory or WriteProcessMemory request was completed. (0x12B)
[1107/234050.564:ERROR:process_memory_win.cc(73)] ReadMemory at 0x1ba15e5c900 of 512 bytes failed: Only part of a ReadProcessMemory or WriteProcessMemory request was completed. (0x12B)
[1107/234050.564:ERROR:process_memory_win.cc(73)] ReadMemory at 0x1ba15e703f0 of 512 bytes failed: Only part of a ReadProcessMemory or WriteProcessMemory request was completed. (0x12B)
[1107/234050.564:ERROR:process_memory_win.cc(73)] ReadMemory at 0x1ba15e731f0 of 512 bytes failed: Only part of a ReadProcessMemory or WriteProcessMemory request was completed. (0x12B)
[1107/234050.564:ERROR:process_memory_win.cc(73)] ReadMemory at 0x1ba15e7ef30 of 512 bytes failed: Only part of a ReadProcessMemory or WriteProcessMemory request was completed. (0x12B)
[1107/234050.564:ERROR:process_memory_win.cc(73)] ReadMemory at 0x1ba15e7f3f0 of 512 bytes failed: Only part of a ReadProcessMemory or WriteProcessMemory request was completed. (0x12B)
[1107/234050.564:ERROR:process_memory_win.cc(73)] ReadMemory at 0x1ba15e845c0 of 512 bytes failed: Only part of a ReadProcessMemory or WriteProcessMemory request was completed. (0x12B)
[1107/234050.564:ERROR:process_memory_win.cc(73)] ReadMemory at 0x1ba15e902b0 of 712 bytes failed: Only part of a ReadProcessMemory or WriteProcessMemory request was completed. (0x12B)
[1107/234050.564:ERROR:process_memory_win.cc(73)] ReadMemory at 0x1ba15e94040 of 512 bytes failed: Only part of a ReadProcessMemory or WriteProcessMemory request was completed. (0x12B)
[1107/234050.564:ERROR:process_memory_win.cc(73)] ReadMemory at 0x1ba15eb5bd0 of 512 bytes failed: Only part of a ReadProcessMemory or WriteProcessMemory request was completed. (0x12B)
[1107/234050.564:ERROR:process_memory_win.cc(73)] ReadMemory at 0x1ba15eb6d76 of 1244 bytes failed: Only part of a ReadProcessMemory or WriteProcessMemory request was completed. (0x12B)
[1107/234050.564:ERROR:process_memory_win.cc(73)] ReadMemory at 0x1ba16040c40 of 560 bytes failed: Only part of a ReadProcessMemory or WriteProcessMemory request was completed. (0x12B)
[1107/234050.565:ERROR:process_memory_win.cc(73)] ReadMemory at 0x1ba16041780 of 512 bytes failed: Only part of a ReadProcessMemory or WriteProcessMemory request was completed. (0x12B)
[1107/234050.565:ERROR:process_memory_win.cc(73)] ReadMemory at 0x1ba17890000 of 384 bytes failed: Only part of a ReadProcessMemory or WriteProcessMemory request was completed. (0x12B)
[1107/234050.565:ERROR:process_memory_win.cc(73)] ReadMemory at 0x1ba178c1b20 of 512 bytes failed: Only part of a ReadProcessMemory or WriteProcessMemory request was completed. (0x12B)
[1107/234050.565:ERROR:process_memory_win.cc(73)] ReadMemory at 0x1ba17926ae8 of 512 bytes failed: Only part of a ReadProcessMemory or WriteProcessMemory request was completed. (0x12B)
[1107/234050.565:ERROR:process_memory_win.cc(73)] ReadMemory at 0x1ba179276b8 of 800 bytes failed: Only part of a ReadProcessMemory or WriteProcessMemory request was completed. (0x12B)
[1107/234050.565:ERROR:process_memory_win.cc(73)] ReadMemory at 0x1ba17927aa8 of 512 bytes failed: Only part of a ReadProcessMemory or WriteProcessMemory request was completed. (0x12B)
[1107/234050.565:ERROR:process_memory_win.cc(73)] ReadMemory at 0x1ba179284c8 of 512 bytes failed: Only part of a ReadProcessMemory or WriteProcessMemory request was completed. (0x12B)
[1107/234050.565:ERROR:process_memory_win.cc(73)] ReadMemory at 0x1ba17b8ff80 of 512 bytes failed: Only part of a ReadProcessMemory or WriteProcessMemory request was completed. (0x12B)
[1107/234050.565:ERROR:process_memory_win.cc(73)] ReadMemory at 0x1ba17c27990 of 512 bytes failed: Only part of a ReadProcessMemory or WriteProcessMemory request was completed. (0x12B)
[1107/234050.565:ERROR:process_memory_win.cc(73)] ReadMemory at 0x1ba17c879d0 of 512 bytes failed: Only part of a ReadProcessMemory or WriteProcessMemory request was completed. (0x12B)
[1107/234050.565:ERROR:process_memory_win.cc(73)] ReadMemory at 0x1ba17c93940 of 512 bytes failed: Only part of a ReadProcessMemory or WriteProcessMemory request was completed. (0x12B)
[1107/234050.565:ERROR:process_memory_win.cc(73)] ReadMemory at 0x4579afab0b28 of 512 bytes failed: Only part of a ReadProcessMemory or WriteProcessMemory request was completed. (0x12B)
[1107/234050.565:ERROR:process_memory_win.cc(73)] ReadMemory at 0x7ffc4437c250 of 512 bytes failed: Only part of a ReadProcessMemory or WriteProcessMemory request was completed. (0x12B)
[1107/234050.566:ERROR:process_memory_win.cc(73)] ReadMemory at 0x7ffc446d4d6e of 512 bytes failed: Only part of a ReadProcessMemory or WriteProcessMemory request was completed. (0x12B)
[1107/234050.566:ERROR:process_memory_win.cc(73)] ReadMemory at 0x7ffc46055a83 of 512 bytes failed: Only part of a ReadProcessMemory or WriteProcessMemory request was completed. (0x12B)
[1107/234050.566:ERROR:process_memory_win.cc(73)] ReadMemory at 0x7ffc4a2a5a10 of 512 bytes failed: Only part of a ReadProcessMemory or WriteProcessMemory request was completed. (0x12B)
[1107/234050.566:ERROR:process_memory_win.cc(73)] ReadMemory at 0x7ffc4ab8d558 of 512 bytes failed: Only part of a ReadProcessMemory or WriteProcessMemory request was completed. (0x12B)
[1107/234050.566:ERROR:process_memory_win.cc(73)] ReadMemory at 0x7ffc4ae760e4 of 512 bytes failed: Only part of a ReadProcessMemory or WriteProcessMemory request was completed. (0x12B)
[1107/234050.566:ERROR:process_memory_win.cc(73)] ReadMemory at 0x7ffc9f5a1f80 of 512 bytes failed: Only part of a ReadProcessMemory or WriteProcessMemory request was completed. (0x12B)
[1107/234050.566:ERROR:process_memory_win.cc(73)] ReadMemory at 0x7ffca021c074 of 672 bytes failed: Only part of a ReadProcessMemory or WriteProcessMemory request was completed. (0x12B)
[1107/234050.566:ERROR:process_memory_win.cc(73)] ReadMemory at 0x7ffca021c674 of 512 bytes failed: Only part of a ReadProcessMemory or WriteProcessMemory request was completed. (0x12B)
[1107/234050.566:ERROR:process_memory_win.cc(73)] ReadMemory at 0x7ffca021f924 of 608 bytes failed: Only part of a ReadProcessMemory or WriteProcessMemory request was completed. (0x12B)
[1107/234050.566:ERROR:process_memory_win.cc(73)] ReadMemory at 0x7ffca02ac428 of 18 bytes failed: Only part of a ReadProcessMemory or WriteProcessMemory request was completed. (0x12B)
[1107/234050.566:ERROR:process_memory_win.cc(73)] ReadMemory at 0x7ffca02df4f8 of 40 bytes failed: Only part of a ReadProcessMemory or WriteProcessMemory request was completed. (0x12B)
[1107/234050.566:ERROR:process_memory_win.cc(73)] ReadMemory at 0x7ffca02df978 of 48 bytes failed: Only part of a ReadProcessMemory or WriteProcessMemory request was completed. (0x12B)
[1107/234050.567:ERROR:process_memory_win.cc(73)] ReadMemory at 0x7ffca02e53c0 of 64 bytes failed: Only part of a ReadProcessMemory or WriteProcessMemory request was completed. (0x12B)
[1107/234050.569:ERROR:scoped_process_suspend.cc(40)] NtResumeProcess: An attempt was made to access an exiting process. (0xc000010a)
